\BOOKMARK [0][-]{chapter.1}{\376\377\000I\000n\000t\000r\000o\000d\000u\000c\000t\000i\000o\000n}{}% 1
\BOOKMARK [1][-]{section.1.1}{\376\377\000W\000h\000y\000\040\000A\000u\000t\000o\000m\000a\000t\000e\000d\000\040\000P\000l\000a\000n\000n\000i\000n\000g\000?}{chapter.1}% 2
\BOOKMARK [1][-]{section.1.2}{\376\377\000F\000e\000a\000t\000u\000r\000e\000s}{chapter.1}% 3
\BOOKMARK [1][-]{section.1.3}{\376\377\000U\000s\000a\000g\000e}{chapter.1}% 4
\BOOKMARK [1][-]{section.1.4}{\376\377\000C\000o\000n\000t\000r\000i\000b\000u\000t\000o\000r\000s}{chapter.1}% 5
\BOOKMARK [1][-]{section.1.5}{\376\377\000L\000i\000c\000e\000n\000s\000e\000s}{chapter.1}% 6
\BOOKMARK [1][-]{section.1.6}{\376\377\000A\000c\000k\000n\000o\000w\000l\000e\000d\000g\000m\000e\000n\000t\000s}{chapter.1}% 7
\BOOKMARK [0][-]{chapter.2}{\376\377\000G\000e\000t\000t\000i\000n\000g\000\040\000S\000t\000a\000r\000t\000e\000d}{}% 8
\BOOKMARK [1][-]{section.2.1}{\376\377\000W\000h\000a\000t\000\040\000i\000s\000\040\000D\000u\000n\000g\000e\000o\000n\000\040\000R\000e\000s\000o\000l\000v\000e\000r\000?}{chapter.2}% 9
\BOOKMARK [1][-]{section.2.2}{\376\377\000I\000n\000s\000t\000a\000l\000l\000a\000t\000i\000o\000n}{chapter.2}% 10
\BOOKMARK [1][-]{section.2.3}{\376\377\000Q\000u\000i\000c\000k\000s\000t\000a\000r\000t}{chapter.2}% 11
\BOOKMARK [2][-]{subsection.2.3.1}{\376\377\000M\000a\000i\000n\000\040\000M\000e\000n\000u}{section.2.3}% 12
\BOOKMARK [3][-]{subsubsection*.3}{\376\377\0001\000\040\000-\000\040\000G\000e\000n\000e\000r\000a\000t\000e\000\040\000a\000n\000d\000\040\000s\000o\000l\000v\000e\000\040\000a\000\040\000n\000e\000w\000\040\000r\000a\000n\000d\000o\000m\000\040\000D\000u\000n\000g\000e\000o\000n\000\040\000i\000n\000s\000t\000a\000n\000c\000e}{subsection.2.3.1}% 13
\BOOKMARK [3][-]{subsubsection*.4}{\376\377\0002\000\040\000-\000\040\000S\000o\000l\000v\000e\000\040\000a\000n\000\040\000e\000x\000i\000s\000t\000i\000n\000g\000\040\000D\000u\000n\000g\000e\000o\000n}{subsection.2.3.1}% 14
\BOOKMARK [0][-]{chapter.3}{\376\377\000A\000P\000I\000\040\000R\000e\000f\000e\000r\000e\000n\000c\000e}{}% 15
\BOOKMARK [1][-]{section.3.1}{\376\377\000D\000u\000n\000g\000e\000o\000n\000\040\000R\000e\000s\000o\000l\000v\000e\000r}{chapter.3}% 16
\BOOKMARK [2][-]{subsection.3.1.1}{\376\377\000G\000e\000n\000e\000r\000a\000t\000e\000\137\000d\000u\000n\000g\000e\000o\000n\000\137\000p\000r\000o\000b\000l\000e\000m}{section.3.1}% 17
\BOOKMARK [3][-]{subsubsection*.7}{\376\377\000P\000a\000r\000a\000m\000e\000t\000e\000r\000s}{subsection.3.1.1}% 18
\BOOKMARK [3][-]{subsubsection*.8}{\376\377\000R\000e\000t\000u\000r\000n\000s}{subsection.3.1.1}% 19
\BOOKMARK [3][-]{subsubsection*.10}{\376\377\000P\000a\000r\000a\000m\000e\000t\000e\000r\000s}{subsection.3.1.1}% 20
\BOOKMARK [3][-]{subsubsection*.12}{\376\377\000P\000a\000r\000a\000m\000e\000t\000e\000r\000s}{subsection.3.1.1}% 21
\BOOKMARK [3][-]{subsubsection*.13}{\376\377\000R\000e\000t\000u\000r\000n\000s}{subsection.3.1.1}% 22
\BOOKMARK [3][-]{subsubsection*.15}{\376\377\000P\000a\000r\000a\000m\000e\000t\000e\000r\000s}{subsection.3.1.1}% 23
\BOOKMARK [3][-]{subsubsection*.17}{\376\377\000P\000a\000r\000a\000m\000e\000t\000e\000r\000s}{subsection.3.1.1}% 24
\BOOKMARK [3][-]{subsubsection*.18}{\376\377\000R\000e\000t\000u\000r\000n\000s}{subsection.3.1.1}% 25
\BOOKMARK [3][-]{subsubsection*.20}{\376\377\000P\000a\000r\000a\000m\000e\000t\000e\000r\000s}{subsection.3.1.1}% 26
\BOOKMARK [3][-]{subsubsection*.21}{\376\377\000R\000e\000t\000u\000r\000n\000s}{subsection.3.1.1}% 27
\BOOKMARK [3][-]{subsubsection*.23}{\376\377\000P\000a\000r\000a\000m\000e\000t\000e\000r\000s}{subsection.3.1.1}% 28
\BOOKMARK [3][-]{subsubsection*.24}{\376\377\000R\000e\000t\000u\000r\000n\000s}{subsection.3.1.1}% 29
\BOOKMARK [3][-]{subsubsection*.26}{\376\377\000P\000a\000r\000a\000m\000e\000t\000e\000r\000s}{subsection.3.1.1}% 30
\BOOKMARK [3][-]{subsubsection*.27}{\376\377\000R\000e\000t\000u\000r\000n\000s}{subsection.3.1.1}% 31
\BOOKMARK [3][-]{subsubsection*.29}{\376\377\000P\000a\000r\000a\000m\000e\000t\000e\000r\000s}{subsection.3.1.1}% 32
\BOOKMARK [3][-]{subsubsection*.30}{\376\377\000R\000e\000t\000u\000r\000n\000s}{subsection.3.1.1}% 33
\BOOKMARK [3][-]{subsubsection*.32}{\376\377\000P\000a\000r\000a\000m\000e\000t\000e\000r\000s}{subsection.3.1.1}% 34
\BOOKMARK [3][-]{subsubsection*.34}{\376\377\000P\000a\000r\000a\000m\000e\000t\000e\000r\000s}{subsection.3.1.1}% 35
\BOOKMARK [3][-]{subsubsection*.35}{\376\377\000R\000e\000t\000u\000r\000n\000s}{subsection.3.1.1}% 36
\BOOKMARK [2][-]{subsection.3.1.2}{\376\377\000G\000U\000I}{section.3.1}% 37
\BOOKMARK [3][-]{subsubsection*.39}{\376\377\000P\000a\000r\000a\000m\000e\000t\000e\000r\000s}{subsection.3.1.2}% 38
\BOOKMARK [3][-]{subsubsection*.41}{\376\377\000P\000a\000r\000a\000m\000e\000t\000e\000r\000s}{subsection.3.1.2}% 39
\BOOKMARK [3][-]{subsubsection*.43}{\376\377\000P\000a\000r\000a\000m\000e\000t\000e\000r\000s}{subsection.3.1.2}% 40
\BOOKMARK [3][-]{subsubsection*.44}{\376\377\000R\000e\000t\000u\000r\000n\000s}{subsection.3.1.2}% 41
\BOOKMARK [3][-]{subsubsection*.46}{\376\377\000P\000a\000r\000a\000m\000e\000t\000e\000r\000s}{subsection.3.1.2}% 42
\BOOKMARK [1][-]{section.3.2}{\376\377\000D\000u\000n\000g\000e\000o\000n\000\040\000G\000U\000I}{chapter.3}% 43
\BOOKMARK [2][-]{subsection.3.2.1}{\376\377\000C\000o\000l\000l\000e\000c\000t\000a\000b\000l\000e}{section.3.2}% 44
\BOOKMARK [2][-]{subsection.3.2.2}{\376\377\000C\000o\000n\000s\000t\000a\000n\000t\000s}{section.3.2}% 45
\BOOKMARK [2][-]{subsection.3.2.3}{\376\377\000E\000n\000e\000m\000y}{section.3.2}% 46
\BOOKMARK [3][-]{subsubsection*.53}{\376\377\000P\000a\000r\000a\000m\000e\000t\000e\000r\000s}{subsection.3.2.3}% 47
\BOOKMARK [2][-]{subsection.3.2.4}{\376\377\000H\000e\000a\000l\000t\000h\000\137\000b\000a\000r}{section.3.2}% 48
\BOOKMARK [3][-]{subsubsection*.56}{\376\377\000P\000a\000r\000a\000m\000e\000t\000e\000r\000s}{subsection.3.2.4}% 49
\BOOKMARK [3][-]{subsubsection*.58}{\376\377\000P\000a\000r\000a\000m\000e\000t\000e\000r\000s}{subsection.3.2.4}% 50
\BOOKMARK [2][-]{subsection.3.2.5}{\376\377\000H\000u\000d}{section.3.2}% 51
\BOOKMARK [3][-]{subsubsection*.61}{\376\377\000P\000a\000r\000a\000m\000e\000t\000e\000r\000s}{subsection.3.2.5}% 52
\BOOKMARK [3][-]{subsubsection*.62}{\376\377\000R\000e\000t\000u\000r\000n\000s}{subsection.3.2.5}% 53
\BOOKMARK [3][-]{subsubsection*.64}{\376\377\000P\000a\000r\000a\000m\000e\000t\000e\000r\000s}{subsection.3.2.5}% 54
\BOOKMARK [3][-]{subsubsection*.66}{\376\377\000P\000a\000r\000a\000m\000e\000t\000e\000r\000s}{subsection.3.2.5}% 55
\BOOKMARK [3][-]{subsubsection*.68}{\376\377\000P\000a\000r\000a\000m\000e\000t\000e\000r\000s}{subsection.3.2.5}% 56
\BOOKMARK [3][-]{subsubsection*.71}{\376\377\000P\000a\000r\000a\000m\000e\000t\000e\000r\000s}{subsection.3.2.5}% 57
\BOOKMARK [3][-]{subsubsection*.73}{\376\377\000P\000a\000r\000a\000m\000e\000t\000e\000r\000s}{subsection.3.2.5}% 58
\BOOKMARK [3][-]{subsubsection*.75}{\376\377\000P\000a\000r\000a\000m\000e\000t\000e\000r\000s}{subsection.3.2.5}% 59
\BOOKMARK [3][-]{subsubsection*.77}{\376\377\000P\000a\000r\000a\000m\000e\000t\000e\000r\000s}{subsection.3.2.5}% 60
\BOOKMARK [2][-]{subsection.3.2.6}{\376\377\000K\000e\000y}{section.3.2}% 61
\BOOKMARK [3][-]{subsubsection*.80}{\376\377\000P\000a\000r\000a\000m\000e\000t\000e\000r\000s}{subsection.3.2.6}% 62
\BOOKMARK [2][-]{subsection.3.2.7}{\376\377\000L\000o\000o\000t}{section.3.2}% 63
\BOOKMARK [3][-]{subsubsection*.83}{\376\377\000P\000a\000r\000a\000m\000e\000t\000e\000r\000s}{subsection.3.2.7}% 64
\BOOKMARK [2][-]{subsection.3.2.8}{\376\377\000P\000l\000a\000y\000e\000r}{section.3.2}% 65
\BOOKMARK [3][-]{subsubsection*.86}{\376\377\000P\000a\000r\000a\000m\000e\000t\000e\000r\000s}{subsection.3.2.8}% 66
\BOOKMARK [3][-]{subsubsection*.88}{\376\377\000P\000a\000r\000a\000m\000e\000t\000e\000r\000s}{subsection.3.2.8}% 67
\BOOKMARK [3][-]{subsubsection*.90}{\376\377\000P\000a\000r\000a\000m\000e\000t\000e\000r\000s}{subsection.3.2.8}% 68
\BOOKMARK [3][-]{subsubsection*.92}{\376\377\000P\000a\000r\000a\000m\000e\000t\000e\000r\000s}{subsection.3.2.8}% 69
\BOOKMARK [3][-]{subsubsection*.94}{\376\377\000P\000a\000r\000a\000m\000e\000t\000e\000r\000s}{subsection.3.2.8}% 70
\BOOKMARK [3][-]{subsubsection*.96}{\376\377\000P\000a\000r\000a\000m\000e\000t\000e\000r\000s}{subsection.3.2.8}% 71
\BOOKMARK [2][-]{subsection.3.2.9}{\376\377\000P\000o\000t\000i\000o\000n}{section.3.2}% 72
\BOOKMARK [3][-]{subsubsection*.99}{\376\377\000P\000a\000r\000a\000m\000e\000t\000e\000r\000s}{subsection.3.2.9}% 73
\BOOKMARK [2][-]{subsection.3.2.10}{\376\377\000R\000o\000o\000m}{section.3.2}% 74
\BOOKMARK [3][-]{subsubsection*.107}{\376\377\000R\000e\000t\000u\000r\000n\000s}{subsection.3.2.10}% 75
\BOOKMARK [3][-]{subsubsection*.109}{\376\377\000P\000a\000r\000a\000m\000e\000t\000e\000r\000s}{subsection.3.2.10}% 76
\BOOKMARK [3][-]{subsubsection*.111}{\376\377\000P\000a\000r\000a\000m\000e\000t\000e\000r\000s}{subsection.3.2.10}% 77
\BOOKMARK [3][-]{subsubsection*.113}{\376\377\000P\000a\000r\000a\000m\000e\000t\000e\000r\000s}{subsection.3.2.10}% 78
\BOOKMARK [3][-]{subsubsection*.115}{\376\377\000P\000a\000r\000a\000m\000e\000t\000e\000r\000s}{subsection.3.2.10}% 79
\BOOKMARK [3][-]{subsubsection*.117}{\376\377\000P\000a\000r\000a\000m\000e\000t\000e\000r\000s}{subsection.3.2.10}% 80
\BOOKMARK [3][-]{subsubsection*.119}{\376\377\000P\000a\000r\000a\000m\000e\000t\000e\000r\000s}{subsection.3.2.10}% 81
\BOOKMARK [2][-]{subsection.3.2.11}{\376\377\000W\000e\000a\000p\000o\000n}{section.3.2}% 82
\BOOKMARK [3][-]{subsubsection*.122}{\376\377\000P\000a\000r\000a\000m\000e\000t\000e\000r\000s}{subsection.3.2.11}% 83
\BOOKMARK [3][-]{subsubsection*.124}{\376\377\000P\000a\000r\000a\000m\000e\000t\000e\000r\000s}{subsection.3.2.11}% 84
\BOOKMARK [1][-]{section.3.3}{\376\377\000U\000t\000i\000l\000i\000t\000y}{chapter.3}% 85
\BOOKMARK [2][-]{subsection.3.3.1}{\376\377\000M\000e\000n\000u}{section.3.3}% 86
\BOOKMARK [3][-]{subsubsection*.127}{\376\377\000R\000e\000t\000u\000r\000n\000s}{subsection.3.3.1}% 87
\BOOKMARK [2][-]{subsection.3.3.2}{\376\377\000T\000i\000t\000l\000e}{section.3.3}% 88
\BOOKMARK [0][-]{chapter.4}{\376\377\000I\000n\000d\000i\000c\000e\000s\000\040\000a\000n\000d\000\040\000t\000a\000b\000l\000e\000s}{}% 89
\BOOKMARK [0][-]{section*.130}{\376\377\000P\000y\000t\000h\000o\000n\000\040\000M\000o\000d\000u\000l\000e\000\040\000I\000n\000d\000e\000x}{}% 90
\BOOKMARK [0][-]{section*.131}{\376\377\000I\000n\000d\000e\000x}{}% 91
